Running: /opt/Xilinx/14.7/ISE_DS/ISE/bin/lin64/unwrapped/fuse -relaunch -intstyle "ise" -incremental -lib "secureip" -o "/home/aluno/thx/p1/main_isim_beh.exe" -prj "/home/aluno/thx/p1/main_beh.prj" "work.main" 
ISim P.20131013 (signature 0xfbc00daa)
Number of CPUs detected in this system: 8
Turning on mult-threading, number of parallel sub-compilation jobs: 16 
Determining compilation order of HDL files
Parsing VHDL file "/home/aluno/thx/p1/main.vhd" into library work
Starting static elaboration
Completed static elaboration
Fuse Memory Usage: 83072 KB
Fuse CPU Usage: 920 ms
Compiling package standard
Compiling package std_logic_1164
Compiling architecture behavioral of entity main
Time Resolution for simulation is 1ps.
Waiting for 1 sub-compilation(s) to finish...
Compiled 3 VHDL Units
Built simulation executable /home/aluno/thx/p1/main_isim_beh.exe
Fuse Memory Usage: 1173036 KB
Fuse CPU Usage: 940 ms
GCC CPU Usage: 90 ms
